<?xml version="1.0" encoding="UTF-8"?>
<!-- Generated by org.testng.reporters.JUnitXMLReporter -->
<testsuite hostname="D9075CQ1" ignored="0" name="Default test" tests="4" failures="0" timestamp="19 Oct 2018 07:25:53 GMT" time="49.623" errors="0">
  <testcase name="test" time="0.014" classname="com.qa.Tests.LoginTest"/>
  <testcase name="aboutusPageTest" time="0.709" classname="com.qa.Tests.LoginTest"/>
  <testcase name="technologiesPageTest" time="0.738" classname="com.qa.Tests.LoginTest"/>
  <testcase name="sapPageTest" time="1.382" classname="com.qa.Tests.LoginTest"/>
</testsuite> <!-- Default test -->
