<?xml version="1.0" encoding="UTF-8"?>
<!-- Generated by org.testng.reporters.JUnitXMLReporter -->
<testsuite hostname="D9075CQ1" ignored="0" name="Test" tests="4" failures="0" timestamp="19 Oct 2018 09:35:04 GMT" time="49.282" errors="0">
  <testcase name="test" time="0.041" classname="com.qa.Tests.LoginTest"/>
  <testcase name="aboutusPageTest" time="1.806" classname="com.qa.Tests.LoginTest"/>
  <testcase name="technologiesPageTest" time="1.197" classname="com.qa.Tests.LoginTest"/>
  <testcase name="sapPageTest" time="1.712" classname="com.qa.Tests.LoginTest"/>
</testsuite> <!-- Test -->
