<?xml version="1.0" encoding="UTF-8"?>
<!-- Generated by org.testng.reporters.JUnitXMLReporter -->
<testsuite hostname="D9075CQ1" ignored="0" name="Test" tests="4" failures="0" timestamp="19 Oct 2018 07:42:21 GMT" time="115.145" errors="0">
  <testcase name="test" time="0.067" classname="com.qa.Tests.LoginTest"/>
  <testcase name="aboutusPageTest" time="1.2" classname="com.qa.Tests.LoginTest"/>
  <testcase name="technologiesPageTest" time="1.078" classname="com.qa.Tests.LoginTest"/>
  <testcase name="sapPageTest" time="1.969" classname="com.qa.Tests.LoginTest"/>
</testsuite> <!-- Test -->
