<?xml version="1.0" encoding="UTF-8"?>
<testng-results skipped="0" failed="0" ignored="0" total="4" passed="4">
  <reporter-output>
  </reporter-output>
  <suite name="Suite" duration-ms="49282" started-at="2018-10-19T09:34:14Z" finished-at="2018-10-19T09:35:04Z">
    <groups>
    </groups>
    <test name="Test" duration-ms="49282" started-at="2018-10-19T09:34:14Z" finished-at="2018-10-19T09:35:04Z">
      <class name="com.qa.Tests.LoginTest">
        <test-method status="PASS" signature="setUp()[pri:0, instance:com.qa.Tests.LoginTest@73846619]" name="setUp" is-config="true" duration-ms="10556" started-at="2018-10-19T15:04:14Z" finished-at="2018-10-19T15:04:25Z">
          <reporter-output>
          </reporter-output>
        </test-method> <!-- setUp -->
        <test-method status="PASS" signature="test()[pri:0, instance:com.qa.Tests.LoginTest@73846619]" name="test" duration-ms="41" started-at="2018-10-19T15:04:25Z" finished-at="2018-10-19T15:04:25Z">
          <reporter-output>
          </reporter-output>
        </test-method> <!-- test -->
        <test-method status="PASS" signature="tearDown()[pri:0, instance:com.qa.Tests.LoginTest@73846619]" name="tearDown" is-config="true" duration-ms="2126" started-at="2018-10-19T15:04:25Z" finished-at="2018-10-19T15:04:27Z">
          <reporter-output>
          </reporter-output>
        </test-method> <!-- tearDown -->
        <test-method status="PASS" signature="setUp()[pri:0, instance:com.qa.Tests.LoginTest@73846619]" name="setUp" is-config="true" duration-ms="10395" started-at="2018-10-19T15:04:27Z" finished-at="2018-10-19T15:04:38Z">
          <reporter-output>
          </reporter-output>
        </test-method> <!-- setUp -->
        <test-method status="PASS" signature="aboutusPageTest()[pri:1, instance:com.qa.Tests.LoginTest@73846619]" name="aboutusPageTest" duration-ms="1806" started-at="2018-10-19T15:04:38Z" finished-at="2018-10-19T15:04:39Z">
          <reporter-output>
          </reporter-output>
        </test-method> <!-- aboutusPageTest -->
        <test-method status="PASS" signature="tearDown()[pri:0, instance:com.qa.Tests.LoginTest@73846619]" name="tearDown" is-config="true" duration-ms="2096" started-at="2018-10-19T15:04:39Z" finished-at="2018-10-19T15:04:41Z">
          <reporter-output>
          </reporter-output>
        </test-method> <!-- tearDown -->
        <test-method status="PASS" signature="setUp()[pri:0, instance:com.qa.Tests.LoginTest@73846619]" name="setUp" is-config="true" duration-ms="9436" started-at="2018-10-19T15:04:41Z" finished-at="2018-10-19T15:04:51Z">
          <reporter-output>
          </reporter-output>
        </test-method> <!-- setUp -->
        <test-method status="PASS" signature="technologiesPageTest()[pri:3, instance:com.qa.Tests.LoginTest@73846619]" name="technologiesPageTest" duration-ms="1197" started-at="2018-10-19T15:04:51Z" finished-at="2018-10-19T15:04:52Z">
          <reporter-output>
          </reporter-output>
        </test-method> <!-- technologiesPageTest -->
        <test-method status="PASS" signature="tearDown()[pri:0, instance:com.qa.Tests.LoginTest@73846619]" name="tearDown" is-config="true" duration-ms="281" started-at="2018-10-19T15:04:52Z" finished-at="2018-10-19T15:04:52Z">
          <reporter-output>
          </reporter-output>
        </test-method> <!-- tearDown -->
        <test-method status="PASS" signature="setUp()[pri:0, instance:com.qa.Tests.LoginTest@73846619]" name="setUp" is-config="true" duration-ms="9331" started-at="2018-10-19T15:04:52Z" finished-at="2018-10-19T15:05:02Z">
          <reporter-output>
          </reporter-output>
        </test-method> <!-- setUp -->
        <test-method status="PASS" signature="sapPageTest()[pri:4, instance:com.qa.Tests.LoginTest@73846619]" name="sapPageTest" duration-ms="1712" started-at="2018-10-19T15:05:02Z" finished-at="2018-10-19T15:05:03Z">
          <reporter-output>
          </reporter-output>
        </test-method> <!-- sapPageTest -->
        <test-method status="PASS" signature="tearDown()[pri:0, instance:com.qa.Tests.LoginTest@73846619]" name="tearDown" is-config="true" duration-ms="258" started-at="2018-10-19T15:05:03Z" finished-at="2018-10-19T15:05:04Z">
          <reporter-output>
          </reporter-output>
        </test-method> <!-- tearDown -->
      </class> <!-- com.qa.Tests.LoginTest -->
    </test> <!-- Test -->
  </suite> <!-- Suite -->
</testng-results>
